<?xml version="1.0" encoding="UTF-8"?>
<!-- Generated by org.testng.reporters.JUnitReportReporter -->
<testsuite skipped="0" hostname="IN-MH1LPW101177" name="runners.CukesRunnerTest" tests="3" failures="0" timestamp="01 Jan 2020 06:27:00 GMT" time="374.913" errors="0">
  <testcase name="runScenario" time="52.760" classname="runners.CukesRunnerTest"/>
  <testcase name="runScenario" time="260.645" classname="runners.CukesRunnerTest"/>
  <testcase name="runScenario" time="61.508" classname="runners.CukesRunnerTest"/>
</testsuite> <!-- runners.CukesRunnerTest -->
