<?xml version="1.0" encoding="UTF-8"?>
<!-- Generated by org.testng.reporters.JUnitReportReporter -->
<testsuite skipped="0" hostname="IN-MH1LPW101177" name="runners.MainRunnerTest" tests="4" failures="0" timestamp="02 Jan 2020 09:09:46 GMT" time="78.191" errors="0">
  <testcase name="runScenario" time="19.130" classname="runners.MainRunnerTest"/>
  <testcase name="runScenario" time="19.143" classname="runners.MainRunnerTest"/>
  <testcase name="runScenario" time="19.153" classname="runners.MainRunnerTest"/>
  <testcase name="runScenario" time="20.765" classname="runners.MainRunnerTest"/>
</testsuite> <!-- runners.MainRunnerTest -->
