<?xml version="1.0" encoding="UTF-8"?>
<!-- Generated by org.testng.reporters.JUnitReportReporter -->
<testsuite skipped="0" hostname="IN-MH1LPW101177" name="runners.MainRunnerTest" tests="2" failures="0" timestamp="20 Mar 2020 07:20:47 GMT" time="0.418" errors="2">
  <testcase name="runScenario" time="0.412" classname="runners.MainRunnerTest">
    <error type="java.lang.NullPointerException">
      <![CDATA[java.lang.NullPointerException
at com.aventstack.extentreports.cucumber.adapter.ExtentCucumberAdapter.updateResult(ExtentCucumberAdapter.java:202)
at com.aventstack.extentreports.cucumber.adapter.ExtentCucumberAdapter.handleTestStepFinished(ExtentCucumberAdapter.java:177)
at com.aventstack.extentreports.cucumber.adapter.ExtentCucumberAdapter.access$3(ExtentCucumberAdapter.java:176)
at com.aventstack.extentreports.cucumber.adapter.ExtentCucumberAdapter$5.receive(ExtentCucumberAdapter.java:108)
at com.aventstack.extentreports.cucumber.adapter.ExtentCucumberAdapter$5.receive(ExtentCucumberAdapter.java:1)
at cucumber.runner.AbstractEventPublisher.send(AbstractEventPublisher.java:45)
at cucumber.runner.AbstractEventBus.send(AbstractEventBus.java:9)
at cucumber.runner.TimeServiceEventBus.send(TimeServiceEventBus.java:3)
at cucumber.runner.ThreadLocalRunnerSupplier$SynchronizedEventBus.send(ThreadLocalRunnerSupplier.java:93)
at cucumber.runner.ThreadLocalRunnerSupplier$LocalEventBus.send(ThreadLocalRunnerSupplier.java:61)
at cucumber.runner.TestStep.run(TestStep.java:59)
at cucumber.runner.TestCase.run(TestCase.java:42)
at cucumber.runner.Runner.runPickle(Runner.java:50)
at io.cucumber.testng.TestNGCucumberRunner.runScenario(TestNGCucumberRunner.java:79)
at cucumber.api.testng.TestNGCucumberRunner.runScenario(TestNGCucumberRunner.java:24)
at cucumber.api.testng.AbstractTestNGCucumberTests.runScenario(AbstractTestNGCucumberTests.java:27)
at sun.reflect.NativeMethodAccessorImpl.invoke0(Native Method)
at sun.reflect.NativeMethodAccessorImpl.invoke(NativeMethodAccessorImpl.java:62)
at sun.reflect.DelegatingMethodAccessorImpl.invoke(DelegatingMethodAccessorImpl.java:43)
at java.lang.reflect.Method.invoke(Method.java:498)
at org.testng.internal.MethodInvocationHelper.invokeMethod(MethodInvocationHelper.java:124)
at org.testng.internal.Invoker.invokeMethod(Invoker.java:583)
at org.testng.internal.Invoker.invokeTestMethod(Invoker.java:719)
at org.testng.internal.Invoker.invokeTestMethods(Invoker.java:989)
at org.testng.internal.TestMethodWorker.invokeTestMethods(TestMethodWorker.java:125)
at org.testng.internal.TestMethodWorker.run(TestMethodWorker.java:109)
at org.testng.TestRunner.privateRun(TestRunner.java:648)
at org.testng.TestRunner.run(TestRunner.java:505)
at org.testng.SuiteRunner.runTest(SuiteRunner.java:455)
at org.testng.SuiteRunner.runSequentially(SuiteRunner.java:450)
at org.testng.SuiteRunner.privateRun(SuiteRunner.java:415)
at org.testng.SuiteRunner.run(SuiteRunner.java:364)
at org.testng.SuiteRunnerWorker.runSuite(SuiteRunnerWorker.java:52)
at org.testng.SuiteRunnerWorker.run(SuiteRunnerWorker.java:84)
at org.testng.TestNG.runSuitesSequentially(TestNG.java:1208)
at org.testng.TestNG.runSuitesLocally(TestNG.java:1137)
at org.testng.TestNG.runSuites(TestNG.java:1049)
at org.testng.TestNG.run(TestNG.java:1017)
at org.apache.maven.surefire.testng.TestNGExecutor.run(TestNGExecutor.java:283)
at org.apache.maven.surefire.testng.TestNGXmlTestSuite.execute(TestNGXmlTestSuite.java:75)
at org.apache.maven.surefire.testng.TestNGProvider.invoke(TestNGProvider.java:120)
at org.apache.maven.surefire.booter.ForkedBooter.runSuitesInProcess(ForkedBooter.java:377)
at org.apache.maven.surefire.booter.ForkedBooter.execute(ForkedBooter.java:138)
at org.apache.maven.surefire.booter.ForkedBooter.run(ForkedBooter.java:465)
at org.apache.maven.surefire.booter.ForkedBooter.main(ForkedBooter.java:451)
]]>
    </error>
  </testcase> <!-- runScenario -->
  <testcase name="runScenario" time="0.006" classname="runners.MainRunnerTest">
    <error type="java.lang.NullPointerException">
      <![CDATA[java.lang.NullPointerException
at com.aventstack.extentreports.cucumber.adapter.ExtentCucumberAdapter.updateResult(ExtentCucumberAdapter.java:202)
at com.aventstack.extentreports.cucumber.adapter.ExtentCucumberAdapter.handleTestStepFinished(ExtentCucumberAdapter.java:177)
at com.aventstack.extentreports.cucumber.adapter.ExtentCucumberAdapter.access$3(ExtentCucumberAdapter.java:176)
at com.aventstack.extentreports.cucumber.adapter.ExtentCucumberAdapter$5.receive(ExtentCucumberAdapter.java:108)
at com.aventstack.extentreports.cucumber.adapter.ExtentCucumberAdapter$5.receive(ExtentCucumberAdapter.java:1)
at cucumber.runner.AbstractEventPublisher.send(AbstractEventPublisher.java:45)
at cucumber.runner.AbstractEventBus.send(AbstractEventBus.java:9)
at cucumber.runner.TimeServiceEventBus.send(TimeServiceEventBus.java:3)
at cucumber.runner.ThreadLocalRunnerSupplier$SynchronizedEventBus.send(ThreadLocalRunnerSupplier.java:93)
at cucumber.runner.ThreadLocalRunnerSupplier$LocalEventBus.send(ThreadLocalRunnerSupplier.java:61)
at cucumber.runner.TestStep.run(TestStep.java:59)
at cucumber.runner.TestCase.run(TestCase.java:42)
at cucumber.runner.Runner.runPickle(Runner.java:50)
at io.cucumber.testng.TestNGCucumberRunner.runScenario(TestNGCucumberRunner.java:79)
at cucumber.api.testng.TestNGCucumberRunner.runScenario(TestNGCucumberRunner.java:24)
at cucumber.api.testng.AbstractTestNGCucumberTests.runScenario(AbstractTestNGCucumberTests.java:27)
at sun.reflect.NativeMethodAccessorImpl.invoke0(Native Method)
at sun.reflect.NativeMethodAccessorImpl.invoke(NativeMethodAccessorImpl.java:62)
at sun.reflect.DelegatingMethodAccessorImpl.invoke(DelegatingMethodAccessorImpl.java:43)
at java.lang.reflect.Method.invoke(Method.java:498)
at org.testng.internal.MethodInvocationHelper.invokeMethod(MethodInvocationHelper.java:124)
at org.testng.internal.Invoker.invokeMethod(Invoker.java:583)
at org.testng.internal.Invoker.invokeTestMethod(Invoker.java:719)
at org.testng.internal.Invoker.invokeTestMethods(Invoker.java:989)
at org.testng.internal.TestMethodWorker.invokeTestMethods(TestMethodWorker.java:125)
at org.testng.internal.TestMethodWorker.run(TestMethodWorker.java:109)
at org.testng.TestRunner.privateRun(TestRunner.java:648)
at org.testng.TestRunner.run(TestRunner.java:505)
at org.testng.SuiteRunner.runTest(SuiteRunner.java:455)
at org.testng.SuiteRunner.runSequentially(SuiteRunner.java:450)
at org.testng.SuiteRunner.privateRun(SuiteRunner.java:415)
at org.testng.SuiteRunner.run(SuiteRunner.java:364)
at org.testng.SuiteRunnerWorker.runSuite(SuiteRunnerWorker.java:52)
at org.testng.SuiteRunnerWorker.run(SuiteRunnerWorker.java:84)
at org.testng.TestNG.runSuitesSequentially(TestNG.java:1208)
at org.testng.TestNG.runSuitesLocally(TestNG.java:1137)
at org.testng.TestNG.runSuites(TestNG.java:1049)
at org.testng.TestNG.run(TestNG.java:1017)
at org.apache.maven.surefire.testng.TestNGExecutor.run(TestNGExecutor.java:283)
at org.apache.maven.surefire.testng.TestNGXmlTestSuite.execute(TestNGXmlTestSuite.java:75)
at org.apache.maven.surefire.testng.TestNGProvider.invoke(TestNGProvider.java:120)
at org.apache.maven.surefire.booter.ForkedBooter.runSuitesInProcess(ForkedBooter.java:377)
at org.apache.maven.surefire.booter.ForkedBooter.execute(ForkedBooter.java:138)
at org.apache.maven.surefire.booter.ForkedBooter.run(ForkedBooter.java:465)
at org.apache.maven.surefire.booter.ForkedBooter.main(ForkedBooter.java:451)
]]>
    </error>
  </testcase> <!-- runScenario -->
</testsuite> <!-- runners.MainRunnerTest -->
