<?xml version="1.0" encoding="UTF-8"?>
<!-- Generated by org.testng.reporters.JUnitReportReporter -->
<testsuite skipped="0" hostname="IN-MH1LPW101177" name="runners.MainRunnerTest" tests="1" failures="0" timestamp="02 Jan 2020 04:54:03 GMT" time="43.160" errors="0">
  <testcase name="runScenario" time="43.160" classname="runners.MainRunnerTest"/>
</testsuite> <!-- runners.MainRunnerTest -->
