<?xml version="1.0" encoding="UTF-8"?>
<!-- Generated by org.testng.reporters.JUnitReportReporter -->
<testsuite skipped="0" hostname="IN-MH1LPW101177" name="runners.MainRunnerTest" tests="4" failures="0" timestamp="02 Jan 2020 12:33:16 GMT" time="29.257" errors="0">
  <testcase name="runScenario" time="6.860" classname="runners.MainRunnerTest"/>
  <testcase name="runScenario" time="15.784" classname="runners.MainRunnerTest"/>
  <testcase name="runScenario" time="3.954" classname="runners.MainRunnerTest"/>
  <testcase name="runScenario" time="2.659" classname="runners.MainRunnerTest"/>
</testsuite> <!-- runners.MainRunnerTest -->
